2017-06-15+17:01:01.0000000000 ./css/style.css
2017-10-21+12:40:22.0000000000 ./fonts/HelveticaNeueLTStd-Roman.otf
2017-10-21+12:40:45.0000000000 ./fonts/HelveticaNeueLTStd-Bd.otf
2017-10-21+12:40:45.0000000000 ./fonts/HelveticaNeueLTStd-BdCn.otf
2017-10-21+12:40:46.0000000000 ./fonts/HelveticaNeueLTStd-BdIt.otf
2017-10-21+12:40:47.0000000000 ./fonts/HelveticaNeueLTStd-Blk.otf
2017-10-21+12:40:47.0000000000 ./fonts/HelveticaNeueLTStd-BlkCn.otf
2017-10-21+12:40:48.0000000000 ./fonts/HelveticaNeueLTStd-BlkIt.otf
2017-10-21+12:40:49.0000000000 ./fonts/HelveticaNeueLTStd-Cn.otf
2017-10-21+12:40:49.0000000000 ./fonts/HelveticaNeueLTStd-Hv.otf
2017-10-21+12:40:51.0000000000 ./fonts/HelveticaNeueLTStd-HvCn.otf
2017-10-21+12:40:52.0000000000 ./fonts/HelveticaNeueLTStd-HvIt.otf
2017-10-21+12:40:52.0000000000 ./fonts/HelveticaNeueLTStd-It.otf
2017-10-21+12:40:53.0000000000 ./fonts/HelveticaNeueLTStd-Lt.otf
2017-10-21+12:40:54.0000000000 ./fonts/HelveticaNeueLTStd-LtCn.otf
2017-10-21+12:40:54.0000000000 ./fonts/HelveticaNeueLTStd-LtIt.otf
2017-10-21+12:40:56.0000000000 ./fonts/HelveticaNeueLTStd-Md.otf
2017-10-21+12:40:56.0000000000 ./fonts/HelveticaNeueLTStd-MdCn.otf
2017-10-21+12:40:56.0000000000 ./fonts/HelveticaNeueLTStd-MdIt.otf
2017-10-21+12:40:57.0000000000 ./fonts/HelveticaNeueLTStd-Th.otf
2017-10-21+12:40:58.0000000000 ./fonts/HelveticaNeueLTStd-ThCn.otf
2017-10-21+12:40:59.0000000000 ./fonts/HelveticaNeueLTStd-ThIt.otf
2017-10-21+12:40:59.0000000000 ./fonts/HelveticaNeueLTStd-XBlkCn.otf
2017-10-21+12:41:26.0000000000 ./fonts/TimesNewRomanMTStd.otf
2017-10-21+12:41:27.0000000000 ./fonts/TimesNewRomanMTStd-Bold.otf
2017-10-21+12:41:28.0000000000 ./fonts/TimesNewRomanMTStd-BoldCond.otf
2017-10-21+12:41:29.0000000000 ./fonts/TimesNewRomanMTStd-BoldIt.otf
2017-10-21+12:41:29.0000000000 ./fonts/TimesNewRomanMTStd-Cond.otf
2017-10-21+12:41:30.0000000000 ./fonts/TimesNewRomanMTStd-CondIt.otf
2017-10-21+12:41:31.0000000000 ./fonts/TimesNewRomanMTStd-Italic.otf
2018-06-14+22:36:20.0000000000 ./images/Desktop Journal T1.png
2018-06-14+22:36:20.0000000000 ./images/Desktop Journal T2.png
2018-06-14+22:36:21.0000000000 ./images/article.tif
2018-06-14+22:36:21.0000000000 ./images/contactandabout.tif
2018-06-14+22:36:21.0000000000 ./js/file
2021-04-17+02:14:46.0000000000 ./archive.tgz
2021-04-17+02:39:50.0000000000 ./gfind.log
